<?xml version="1.0" encoding="UTF-8"?>
<testsuite xmlns:xsi="http://www.w3.org/2001/XMLSchema-instance" xsi:noNamespaceSchemaLocation="https://maven.apache.org/surefire/maven-surefire-plugin/xsd/surefire-test-report-3.0.xsd" version="3.0" name="TestSuite" time="0.758" tests="3" errors="0" skipped="2" failures="1">
  <properties>
[...]
</properties>
  <testcase name="setUp" classname="tests.SampleTest" time="0.451">
    <failure message="Could not start a new session. Possible causes are invalid address of the remote server or browser start-up failure. &#10;Host info: host: &apos;Gitas-MacBook-Air.local&apos;, ip: &apos;2001:448a:2095:1cbe:c9ad:3c6f:6fdd:de94%en0&apos;" type="org.openqa.selenium.SessionNotCreatedException"><![CDATA[org.openqa.selenium.SessionNotCreatedException: 
Could not start a new session. Possible causes are invalid address of the remote server or browser start-up failure. 
Host info: host: 'Gitas-MacBook-Air.local', ip: '2001:448a:2095:1cbe:c9ad:3c6f:6fdd:de94%en0'
Caused by: org.openqa.selenium.WebDriverException: 
Connection refused
Build info: version: '4.7.0', revision: '0a5b49d16f'
System info: os.name: 'Mac OS X', os.arch: 'aarch64', os.version: '13.3.1', java.version: '17.0.9'
Driver info: driver.version: AppiumDriver
Caused by: java.net.ConnectException: Connection refused
]]></failure>
    <system-err><![CDATA[SLF4J(W): No SLF4J providers were found.
SLF4J(W): Defaulting to no-operation (NOP) logger implementation
SLF4J(W): See https://www.slf4j.org/codes.html#noProviders for further details.
]]></system-err>
  </testcase>
  <testcase name="sampleTest" classname="tests.SampleTest" time="0">
    <skipped message="Could not start a new session. Possible causes are invalid address of the remote server or browser start-up failure. &#10;Host info: host: &apos;Gitas-MacBook-Air.local&apos;, ip: &apos;2001:448a:2095:1cbe:c9ad:3c6f:6fdd:de94%en0&apos;"/>
  </testcase>
  <testcase name="tearDown" classname="tests.SampleTest" time="0">
    <skipped/>
  </testcase>
</testsuite>